<?xml version="1.0" encoding="UTF-8"?>
<!-- Generated by org.testng.reporters.JUnitXMLReporter -->
<testsuite ignored="0" hostname="DESKTOP-5T3RHQG" failures="0" tests="1" name="Test" time="0.092" errors="0" timestamp="2021-04-09T11:48:50 IST">
  <testcase classname="com.Testpages.Livechattest" name="@BeforeTest setup" time="-1.617949130622E9">
    <failure type="org.testng.TestNGException" message="
Parameter &amp;apos;browser&amp;apos; is required by BeforeTest on method setup but has not been marked @Optional or defined
in C:\Users\bharath\eclipse-workspace\LuminosHacthon\testng.xml">
      <![CDATA[org.testng.TestNGException: 
Parameter 'browser' is required by BeforeTest on method setup but has not been marked @Optional or defined
in C:\Users\bharath\eclipse-workspace\LuminosHacthon\testng.xml
... Removed 21 stack frames]]>
    </failure>
  </testcase> <!-- @BeforeTest setup -->
  <testcase classname="com.Testpages.Livechattest" name="Livelogin" time="0.0">
    <skipped/>
  </testcase> <!-- Livelogin -->
</testsuite> <!-- Test -->
